01.07.2014 09:37:38 INFO  [main] de.uni_leipzig.simba.io.ConfigReader.validateAndRead(ConfigReader.java:163): Source = ID: Dryad_dataCite
Var: ?x
Prefixes: {dc=http://purl.org/dc/elements/1.1/, rdfs=http://www.w3.org/2000/01/rdf-schema#, lom=http://data.organic-edunet.eu/lom_ontology_organicEdunet.owl#, dbpedia=http://dbpedia.org/ontology, owl=http://www.w3.org/2002/07/owl#, rdf=http://www.w3.org/1999/02/22-rdf-syntax-ns#, fabio=http://purl.org/spar/fabio/, europeana=http://www.europeana.eu/schemas/edm/, skos=http://www.w3.org/2004/02/skos/core#, vcard=http://www.w3.org/2001/vcard-rdf/3.0#, dcterms=http://purl.org/dc/terms/}
Endpoint: C:\Users\Enayat\IdeaProjects\DublinCore2RDF\output.ttl
Graph: null
Restrictions: []
Properties: [dc:title]
Functions: {dc:title={dc:title=}}
Page size: 1000
Type: turtle

01.07.2014 09:37:38 INFO  [main] de.uni_leipzig.simba.io.ConfigReader.validateAndRead(ConfigReader.java:168): Target = ID: OpenUniversityUK
Var: ?y
Prefixes: {dc=http://purl.org/dc/elements/1.1/, rdfs=http://www.w3.org/2000/01/rdf-schema#, lom=http://data.organic-edunet.eu/lom_ontology_organicEdunet.owl#, dbpedia=http://dbpedia.org/ontology, owl=http://www.w3.org/2002/07/owl#, rdf=http://www.w3.org/1999/02/22-rdf-syntax-ns#, fabio=http://purl.org/spar/fabio/, europeana=http://www.europeana.eu/schemas/edm/, skos=http://www.w3.org/2004/02/skos/core#, vcard=http://www.w3.org/2001/vcard-rdf/3.0#, dcterms=http://purl.org/dc/terms/}
Endpoint: http://data.open.ac.uk/sparql
Graph: null
Restrictions: []
Properties: [dcterms:title]
Functions: {dcterms:title={dcterms:title=}}
Page size: 1000
Type: sparql

01.07.2014 09:37:39 INFO  [main] de.uni_leipzig.simba.controller.PPJoinController.run(PPJoinController.java:126): ID: Dryad_dataCite
Var: ?x
Prefixes: {dc=http://purl.org/dc/elements/1.1/, rdfs=http://www.w3.org/2000/01/rdf-schema#, lom=http://data.organic-edunet.eu/lom_ontology_organicEdunet.owl#, dbpedia=http://dbpedia.org/ontology, owl=http://www.w3.org/2002/07/owl#, rdf=http://www.w3.org/1999/02/22-rdf-syntax-ns#, fabio=http://purl.org/spar/fabio/, europeana=http://www.europeana.eu/schemas/edm/, skos=http://www.w3.org/2004/02/skos/core#, vcard=http://www.w3.org/2001/vcard-rdf/3.0#, dcterms=http://purl.org/dc/terms/}
Endpoint: C:\Users\Enayat\IdeaProjects\DublinCore2RDF\output.ttl
Graph: null
Restrictions: []
Properties: [dc:title]
Functions: {dc:title={dc:title=}}
Page size: 1000
Type: turtle

01.07.2014 09:37:39 INFO  [main] de.uni_leipzig.simba.controller.PPJoinController.run(PPJoinController.java:127): ID: OpenUniversityUK
Var: ?y
Prefixes: {dc=http://purl.org/dc/elements/1.1/, rdfs=http://www.w3.org/2000/01/rdf-schema#, lom=http://data.organic-edunet.eu/lom_ontology_organicEdunet.owl#, dbpedia=http://dbpedia.org/ontology, owl=http://www.w3.org/2002/07/owl#, rdf=http://www.w3.org/1999/02/22-rdf-syntax-ns#, fabio=http://purl.org/spar/fabio/, europeana=http://www.europeana.eu/schemas/edm/, skos=http://www.w3.org/2004/02/skos/core#, vcard=http://www.w3.org/2001/vcard-rdf/3.0#, dcterms=http://purl.org/dc/terms/}
Endpoint: http://data.open.ac.uk/sparql
Graph: null
Restrictions: []
Properties: [dcterms:title]
Functions: {dcterms:title={dcterms:title=}}
Page size: 1000
Type: sparql

01.07.2014 09:37:39 INFO  [main] de.uni_leipzig.simba.controller.PPJoinController.run(PPJoinController.java:132): Loading source data ...
01.07.2014 09:37:39 INFO  [main] de.uni_leipzig.simba.cache.HybridCache.getData(HybridCache.java:243): No cached data found for Dryad_dataCite
01.07.2014 09:37:39 INFO  [main] de.uni_leipzig.simba.query.QueryModuleFactory.getQueryModule(QueryModuleFactory.java:19): Generating <turtle> reader
01.07.2014 09:37:42 INFO  [main] de.uni_leipzig.simba.query.FileQueryModule.<init>(FileQueryModule.java:37): RDF model read from C:\Users\Enayat\IdeaProjects\DublinCore2RDF\output.ttl is of size 230696
01.07.2014 09:37:42 INFO  [main] de.uni_leipzig.simba.query.ModelRegistry.register(ModelRegistry.java:34): Registry = [C:\Users\Enayat\IdeaProjects\DublinCore2RDF\output.ttl]
01.07.2014 09:37:42 INFO  [main] de.uni_leipzig.simba.query.SparqlQueryModule.fillCache(SparqlQueryModule.java:92): Properties are [dc:title]
01.07.2014 09:37:42 INFO  [main] de.uni_leipzig.simba.query.SparqlQueryModule.fillCache(SparqlQueryModule.java:134): Query issued is 
PREFIX dc: <http://purl.org/dc/elements/1.1/>
PREFIX rdfs: <http://www.w3.org/2000/01/rdf-schema#>
PREFIX lom: <http://data.organic-edunet.eu/lom_ontology_organicEdunet.owl#>
PREFIX dbpedia: <http://dbpedia.org/ontology>
PREFIX owl: <http://www.w3.org/2002/07/owl#>
PREFIX rdf: <http://www.w3.org/1999/02/22-rdf-syntax-ns#>
PREFIX fabio: <http://purl.org/spar/fabio/>
PREFIX europeana: <http://www.europeana.eu/schemas/edm/>
PREFIX skos: <http://www.w3.org/2004/02/skos/core#>
PREFIX vcard: <http://www.w3.org/2001/vcard-rdf/3.0#>
PREFIX dcterms: <http://purl.org/dc/terms/>
SELECT DISTINCT ?x ?v0
WHERE {
?x dc:title ?v0 .
}
01.07.2014 09:37:42 INFO  [main] de.uni_leipzig.simba.query.SparqlQueryModule.fillCache(SparqlQueryModule.java:136): Querying the endpoint.
01.07.2014 09:37:42 INFO  [main] de.uni_leipzig.simba.query.SparqlQueryModule.fillCache(SparqlQueryModule.java:144): Getting statements 0 to 1000
01.07.2014 09:37:42 INFO  [main] de.uni_leipzig.simba.query.SparqlQueryModule.fillCache(SparqlQueryModule.java:144): Getting statements 1000 to 2000
01.07.2014 09:37:43 INFO  [main] de.uni_leipzig.simba.query.SparqlQueryModule.fillCache(SparqlQueryModule.java:144): Getting statements 2000 to 3000
01.07.2014 09:37:43 INFO  [main] de.uni_leipzig.simba.query.SparqlQueryModule.fillCache(SparqlQueryModule.java:144): Getting statements 3000 to 4000
01.07.2014 09:37:43 INFO  [main] de.uni_leipzig.simba.query.SparqlQueryModule.fillCache(SparqlQueryModule.java:144): Getting statements 4000 to 5000
01.07.2014 09:37:43 INFO  [main] de.uni_leipzig.simba.query.SparqlQueryModule.fillCache(SparqlQueryModule.java:144): Getting statements 5000 to 6000
01.07.2014 09:37:43 INFO  [main] de.uni_leipzig.simba.query.SparqlQueryModule.fillCache(SparqlQueryModule.java:144): Getting statements 6000 to 7000
01.07.2014 09:37:43 INFO  [main] de.uni_leipzig.simba.query.SparqlQueryModule.fillCache(SparqlQueryModule.java:144): Getting statements 7000 to 8000
01.07.2014 09:37:43 INFO  [main] de.uni_leipzig.simba.query.SparqlQueryModule.fillCache(SparqlQueryModule.java:144): Getting statements 8000 to 9000
01.07.2014 09:37:43 INFO  [main] de.uni_leipzig.simba.query.SparqlQueryModule.fillCache(SparqlQueryModule.java:144): Getting statements 9000 to 10000
01.07.2014 09:37:43 INFO  [main] de.uni_leipzig.simba.query.SparqlQueryModule.fillCache(SparqlQueryModule.java:144): Getting statements 10000 to 11000
01.07.2014 09:37:43 INFO  [main] de.uni_leipzig.simba.query.SparqlQueryModule.fillCache(SparqlQueryModule.java:144): Getting statements 11000 to 12000
01.07.2014 09:37:43 INFO  [main] de.uni_leipzig.simba.query.SparqlQueryModule.fillCache(SparqlQueryModule.java:144): Getting statements 12000 to 13000
01.07.2014 09:37:43 INFO  [main] de.uni_leipzig.simba.query.SparqlQueryModule.fillCache(SparqlQueryModule.java:144): Getting statements 13000 to 14000
01.07.2014 09:37:43 INFO  [main] de.uni_leipzig.simba.query.SparqlQueryModule.fillCache(SparqlQueryModule.java:144): Getting statements 14000 to 15000
01.07.2014 09:37:43 INFO  [main] de.uni_leipzig.simba.query.SparqlQueryModule.fillCache(SparqlQueryModule.java:144): Getting statements 15000 to 16000
01.07.2014 09:37:43 INFO  [main] de.uni_leipzig.simba.query.SparqlQueryModule.fillCache(SparqlQueryModule.java:144): Getting statements 16000 to 17000
01.07.2014 09:37:43 INFO  [main] de.uni_leipzig.simba.query.SparqlQueryModule.fillCache(SparqlQueryModule.java:144): Getting statements 17000 to 18000
01.07.2014 09:37:43 INFO  [main] de.uni_leipzig.simba.query.SparqlQueryModule.fillCache(SparqlQueryModule.java:144): Getting statements 18000 to 19000
01.07.2014 09:37:43 INFO  [main] de.uni_leipzig.simba.query.SparqlQueryModule.fillCache(SparqlQueryModule.java:144): Getting statements 19000 to 20000
01.07.2014 09:37:43 INFO  [main] de.uni_leipzig.simba.query.SparqlQueryModule.fillCache(SparqlQueryModule.java:144): Getting statements 20000 to 21000
01.07.2014 09:37:43 INFO  [main] de.uni_leipzig.simba.query.SparqlQueryModule.fillCache(SparqlQueryModule.java:144): Getting statements 21000 to 22000
01.07.2014 09:37:43 INFO  [main] de.uni_leipzig.simba.query.SparqlQueryModule.fillCache(SparqlQueryModule.java:144): Getting statements 22000 to 23000
01.07.2014 09:37:43 INFO  [main] de.uni_leipzig.simba.query.SparqlQueryModule.fillCache(SparqlQueryModule.java:144): Getting statements 23000 to 24000
01.07.2014 09:37:43 INFO  [main] de.uni_leipzig.simba.query.SparqlQueryModule.fillCache(SparqlQueryModule.java:144): Getting statements 24000 to 25000
01.07.2014 09:37:43 INFO  [main] de.uni_leipzig.simba.query.SparqlQueryModule.fillCache(SparqlQueryModule.java:232): Retrieved 23824 triples and 23824 entities.
01.07.2014 09:37:43 INFO  [main] de.uni_leipzig.simba.query.SparqlQueryModule.fillCache(SparqlQueryModule.java:233): Retrieving statements took 1.493 seconds.
01.07.2014 09:37:43 INFO  [main] de.uni_leipzig.simba.cache.HybridCache.saveToFile(HybridCache.java:176): Serializing 23824 objects to C:\Enayat\Final_Package20130313\Programming\InterlinkingTool\cache\-1837565912.ser
01.07.2014 09:37:44 INFO  [main] de.uni_leipzig.simba.controller.PPJoinController.run(PPJoinController.java:137): Loading target data ...
01.07.2014 09:37:44 INFO  [main] de.uni_leipzig.simba.cache.HybridCache.getData(HybridCache.java:230): Found cached data. Loading data from file C:\Enayat\Final_Package20130313\Programming\InterlinkingTool\cache\-286557512.ser
01.07.2014 09:37:50 INFO  [main] de.uni_leipzig.simba.cache.HybridCache.getData(HybridCache.java:236): Cached data loaded successfully from file C:\Enayat\Final_Package20130313\Programming\InterlinkingTool\cache\-286557512.ser
01.07.2014 09:37:50 INFO  [main] de.uni_leipzig.simba.cache.HybridCache.getData(HybridCache.java:237): Size = 102108
01.07.2014 09:37:50 INFO  [main] de.uni_leipzig.simba.controller.PPJoinController.run(PPJoinController.java:150): Getting links ...
01.07.2014 09:37:53 INFO  [main] de.uni_leipzig.simba.controller.PPJoinController.run(PPJoinController.java:153): Got links in 2986ms.
01.07.2014 09:37:53 INFO  [main] de.uni_leipzig.simba.io.SerializerFactory.getSerializer(SerializerFactory.java:21): Getting serializer with name nt
01.07.2014 09:37:53 INFO  [main] de.uni_leipzig.simba.io.SerializerFactory.getSerializer(SerializerFactory.java:27): Serializer with name nt not found. Using .nt as default format.
01.07.2014 09:37:53 INFO  [main] de.uni_leipzig.simba.controller.PPJoinController.run(PPJoinController.java:159): Using N3Serializer to serialize
01.07.2014 09:37:53 INFO  [main] de.uni_leipzig.simba.controller.PPJoinController.run(PPJoinController.java:178): Returned 122 links above acceptance threshold.
01.07.2014 09:37:53 INFO  [main] de.uni_leipzig.simba.controller.PPJoinController.run(PPJoinController.java:179): Returned 25 links to review.
01.07.2014 09:37:53 INFO  [main] de.uni_leipzig.simba.controller.PPJoinController.run(PPJoinController.java:186): Mapping carried out in 15.493 seconds
01.07.2014 09:37:53 INFO  [main] de.uni_leipzig.simba.controller.PPJoinController.run(PPJoinController.java:187): Done.
