25.06.2014 16:11:01 INFO  [main] de.uni_leipzig.simba.io.ConfigReader.validateAndRead(ConfigReader.java:163): Source = ID: GLOBE_English_Title
Var: ?x
Prefixes: {dc=http://purl.org/dc/elements/1.1/, rdfs=http://www.w3.org/2000/01/rdf-schema#, lom=http://data.organic-edunet.eu/lom_ontology_organicEdunet.owl#, dbpedia=http://dbpedia.org/ontology, owl=http://www.w3.org/2002/07/owl#, rdf=http://www.w3.org/1999/02/22-rdf-syntax-ns#, fabio=http://purl.org/spar/fabio/, europeana=http://www.europeana.eu/schemas/edm/, skos=http://www.w3.org/2004/02/skos/core#, vcard=http://www.w3.org/2001/vcard-rdf/3.0#, dcterms=http://purl.org/dc/terms/}
Endpoint: http://localhost:3030/globeEnglishTitle/query
Graph: null
Restrictions: []
Properties: [dcterms:title]
Functions: {dcterms:title={dcterms:title=}}
Page size: 1000
Type: sparql

25.06.2014 16:11:01 INFO  [main] de.uni_leipzig.simba.io.ConfigReader.validateAndRead(ConfigReader.java:168): Target = ID: DataCite
Var: ?y
Prefixes: {dc=http://purl.org/dc/elements/1.1/, rdfs=http://www.w3.org/2000/01/rdf-schema#, lom=http://data.organic-edunet.eu/lom_ontology_organicEdunet.owl#, dbpedia=http://dbpedia.org/ontology, owl=http://www.w3.org/2002/07/owl#, rdf=http://www.w3.org/1999/02/22-rdf-syntax-ns#, fabio=http://purl.org/spar/fabio/, europeana=http://www.europeana.eu/schemas/edm/, skos=http://www.w3.org/2004/02/skos/core#, vcard=http://www.w3.org/2001/vcard-rdf/3.0#, dcterms=http://purl.org/dc/terms/}
Endpoint: http://opencitations.net/sparql/
Graph: null
Restrictions: [?y a fabio:JournalArticle]
Properties: [dcterms:title]
Functions: {dcterms:title={dcterms:title=}}
Page size: 1000
Type: sparql

25.06.2014 16:11:01 INFO  [main] de.uni_leipzig.simba.controller.PPJoinController.run(PPJoinController.java:126): ID: GLOBE_English_Title
Var: ?x
Prefixes: {dc=http://purl.org/dc/elements/1.1/, rdfs=http://www.w3.org/2000/01/rdf-schema#, lom=http://data.organic-edunet.eu/lom_ontology_organicEdunet.owl#, dbpedia=http://dbpedia.org/ontology, owl=http://www.w3.org/2002/07/owl#, rdf=http://www.w3.org/1999/02/22-rdf-syntax-ns#, fabio=http://purl.org/spar/fabio/, europeana=http://www.europeana.eu/schemas/edm/, skos=http://www.w3.org/2004/02/skos/core#, vcard=http://www.w3.org/2001/vcard-rdf/3.0#, dcterms=http://purl.org/dc/terms/}
Endpoint: http://localhost:3030/globeEnglishTitle/query
Graph: null
Restrictions: []
Properties: [dcterms:title]
Functions: {dcterms:title={dcterms:title=}}
Page size: 1000
Type: sparql

25.06.2014 16:11:01 INFO  [main] de.uni_leipzig.simba.controller.PPJoinController.run(PPJoinController.java:127): ID: DataCite
Var: ?y
Prefixes: {dc=http://purl.org/dc/elements/1.1/, rdfs=http://www.w3.org/2000/01/rdf-schema#, lom=http://data.organic-edunet.eu/lom_ontology_organicEdunet.owl#, dbpedia=http://dbpedia.org/ontology, owl=http://www.w3.org/2002/07/owl#, rdf=http://www.w3.org/1999/02/22-rdf-syntax-ns#, fabio=http://purl.org/spar/fabio/, europeana=http://www.europeana.eu/schemas/edm/, skos=http://www.w3.org/2004/02/skos/core#, vcard=http://www.w3.org/2001/vcard-rdf/3.0#, dcterms=http://purl.org/dc/terms/}
Endpoint: http://opencitations.net/sparql/
Graph: null
Restrictions: [?y a fabio:JournalArticle]
Properties: [dcterms:title]
Functions: {dcterms:title={dcterms:title=}}
Page size: 1000
Type: sparql

25.06.2014 16:11:01 INFO  [main] de.uni_leipzig.simba.controller.PPJoinController.run(PPJoinController.java:132): Loading source data ...
25.06.2014 16:11:01 INFO  [main] de.uni_leipzig.simba.cache.HybridCache.getData(HybridCache.java:230): Found cached data. Loading data from file C:\Enayat\Final_Package20130313\Programming\InterlinkingTool\cache\585261765.ser
25.06.2014 16:11:26 INFO  [main] de.uni_leipzig.simba.cache.HybridCache.getData(HybridCache.java:236): Cached data loaded successfully from file C:\Enayat\Final_Package20130313\Programming\InterlinkingTool\cache\585261765.ser
25.06.2014 16:11:26 INFO  [main] de.uni_leipzig.simba.cache.HybridCache.getData(HybridCache.java:237): Size = 447043
25.06.2014 16:11:26 INFO  [main] de.uni_leipzig.simba.controller.PPJoinController.run(PPJoinController.java:137): Loading target data ...
25.06.2014 16:11:26 INFO  [main] de.uni_leipzig.simba.cache.HybridCache.getData(HybridCache.java:243): No cached data found for DataCite
25.06.2014 16:11:26 INFO  [main] de.uni_leipzig.simba.query.QueryModuleFactory.getQueryModule(QueryModuleFactory.java:19): Generating <sparql> reader
25.06.2014 16:11:26 INFO  [main] de.uni_leipzig.simba.query.SparqlQueryModule.fillCache(SparqlQueryModule.java:92): Properties are [dcterms:title]
25.06.2014 16:11:26 INFO  [main] de.uni_leipzig.simba.query.SparqlQueryModule.fillCache(SparqlQueryModule.java:134): Query issued is 
PREFIX dc: <http://purl.org/dc/elements/1.1/>
PREFIX rdfs: <http://www.w3.org/2000/01/rdf-schema#>
PREFIX lom: <http://data.organic-edunet.eu/lom_ontology_organicEdunet.owl#>
PREFIX dbpedia: <http://dbpedia.org/ontology>
PREFIX owl: <http://www.w3.org/2002/07/owl#>
PREFIX rdf: <http://www.w3.org/1999/02/22-rdf-syntax-ns#>
PREFIX fabio: <http://purl.org/spar/fabio/>
PREFIX europeana: <http://www.europeana.eu/schemas/edm/>
PREFIX skos: <http://www.w3.org/2004/02/skos/core#>
PREFIX vcard: <http://www.w3.org/2001/vcard-rdf/3.0#>
PREFIX dcterms: <http://purl.org/dc/terms/>
SELECT DISTINCT ?y ?v0
WHERE {
?y a fabio:JournalArticle .
?y dcterms:title ?v0 .
}
25.06.2014 16:11:26 INFO  [main] de.uni_leipzig.simba.query.SparqlQueryModule.fillCache(SparqlQueryModule.java:136): Querying the endpoint.
25.06.2014 16:11:26 INFO  [main] de.uni_leipzig.simba.query.SparqlQueryModule.fillCache(SparqlQueryModule.java:144): Getting statements 0 to 1000
25.06.2014 16:11:28 INFO  [main] de.uni_leipzig.simba.query.SparqlQueryModule.fillCache(SparqlQueryModule.java:144): Getting statements 1000 to 2000
25.06.2014 16:11:29 INFO  [main] de.uni_leipzig.simba.query.SparqlQueryModule.fillCache(SparqlQueryModule.java:144): Getting statements 2000 to 3000
25.06.2014 16:11:31 INFO  [main] de.uni_leipzig.simba.query.SparqlQueryModule.fillCache(SparqlQueryModule.java:144): Getting statements 3000 to 4000
25.06.2014 16:11:32 INFO  [main] de.uni_leipzig.simba.query.SparqlQueryModule.fillCache(SparqlQueryModule.java:144): Getting statements 4000 to 5000
25.06.2014 16:11:33 INFO  [main] de.uni_leipzig.simba.query.SparqlQueryModule.fillCache(SparqlQueryModule.java:144): Getting statements 5000 to 6000
25.06.2014 16:11:34 INFO  [main] de.uni_leipzig.simba.query.SparqlQueryModule.fillCache(SparqlQueryModule.java:144): Getting statements 6000 to 7000
25.06.2014 16:11:36 INFO  [main] de.uni_leipzig.simba.query.SparqlQueryModule.fillCache(SparqlQueryModule.java:144): Getting statements 7000 to 8000
25.06.2014 16:11:37 INFO  [main] de.uni_leipzig.simba.query.SparqlQueryModule.fillCache(SparqlQueryModule.java:144): Getting statements 8000 to 9000
25.06.2014 16:11:38 INFO  [main] de.uni_leipzig.simba.query.SparqlQueryModule.fillCache(SparqlQueryModule.java:144): Getting statements 9000 to 10000
25.06.2014 16:11:40 INFO  [main] de.uni_leipzig.simba.query.SparqlQueryModule.fillCache(SparqlQueryModule.java:144): Getting statements 10000 to 11000
25.06.2014 16:11:41 INFO  [main] de.uni_leipzig.simba.query.SparqlQueryModule.fillCache(SparqlQueryModule.java:144): Getting statements 11000 to 12000
25.06.2014 16:11:42 INFO  [main] de.uni_leipzig.simba.query.SparqlQueryModule.fillCache(SparqlQueryModule.java:144): Getting statements 12000 to 13000
25.06.2014 16:11:43 INFO  [main] de.uni_leipzig.simba.query.SparqlQueryModule.fillCache(SparqlQueryModule.java:144): Getting statements 13000 to 14000
25.06.2014 16:11:45 INFO  [main] de.uni_leipzig.simba.query.SparqlQueryModule.fillCache(SparqlQueryModule.java:144): Getting statements 14000 to 15000
25.06.2014 16:11:48 INFO  [main] de.uni_leipzig.simba.query.SparqlQueryModule.fillCache(SparqlQueryModule.java:144): Getting statements 15000 to 16000
25.06.2014 16:11:52 INFO  [main] de.uni_leipzig.simba.query.SparqlQueryModule.fillCache(SparqlQueryModule.java:144): Getting statements 16000 to 17000
25.06.2014 16:11:57 INFO  [main] de.uni_leipzig.simba.query.SparqlQueryModule.fillCache(SparqlQueryModule.java:144): Getting statements 17000 to 18000
25.06.2014 16:12:03 INFO  [main] de.uni_leipzig.simba.query.SparqlQueryModule.fillCache(SparqlQueryModule.java:144): Getting statements 18000 to 19000
25.06.2014 16:12:10 INFO  [main] de.uni_leipzig.simba.query.SparqlQueryModule.fillCache(SparqlQueryModule.java:144): Getting statements 19000 to 20000
25.06.2014 16:12:18 INFO  [main] de.uni_leipzig.simba.query.SparqlQueryModule.fillCache(SparqlQueryModule.java:144): Getting statements 20000 to 21000
25.06.2014 16:12:28 INFO  [main] de.uni_leipzig.simba.query.SparqlQueryModule.fillCache(SparqlQueryModule.java:144): Getting statements 21000 to 22000
25.06.2014 16:12:39 INFO  [main] de.uni_leipzig.simba.query.SparqlQueryModule.fillCache(SparqlQueryModule.java:144): Getting statements 22000 to 23000
