23.06.2014 09:38:48 INFO  [main] de.uni_leipzig.simba.io.ConfigReader.validateAndRead(ConfigReader.java:163): Source = ID: OrganicEdunet
Var: ?x
Prefixes: {dc=http://purl.org/dc/elements/1.1/, rdfs=http://www.w3.org/2000/01/rdf-schema#, lom=http://data.organic-edunet.eu/lom_ontology_organicEdunet.owl#, dbpedia=http://dbpedia.org/ontology, owl=http://www.w3.org/2002/07/owl#, rdf=http://www.w3.org/1999/02/22-rdf-syntax-ns#, europeana=http://www.europeana.eu/schemas/edm/, skos=http://www.w3.org/2004/02/skos/core#, vcard=http://www.w3.org/2001/vcard-rdf/3.0#, dcterms=http://purl.org/dc/terms/}
Endpoint: http://data.organic-edunet.eu/sparql
Graph: null
Restrictions: []
Properties: [dcterms:title]
Functions: {dcterms:title={dcterms:title=}}
Page size: 1000
Type: sparql

23.06.2014 09:38:48 INFO  [main] de.uni_leipzig.simba.io.ConfigReader.validateAndRead(ConfigReader.java:168): Target = ID: OpenUniversityUK
Var: ?y
Prefixes: {dc=http://purl.org/dc/elements/1.1/, rdfs=http://www.w3.org/2000/01/rdf-schema#, lom=http://data.organic-edunet.eu/lom_ontology_organicEdunet.owl#, dbpedia=http://dbpedia.org/ontology, owl=http://www.w3.org/2002/07/owl#, rdf=http://www.w3.org/1999/02/22-rdf-syntax-ns#, europeana=http://www.europeana.eu/schemas/edm/, skos=http://www.w3.org/2004/02/skos/core#, vcard=http://www.w3.org/2001/vcard-rdf/3.0#, dcterms=http://purl.org/dc/terms/}
Endpoint: http://data.open.ac.uk/sparql
Graph: null
Restrictions: []
Properties: [dcterms:title]
Functions: {dcterms:title={dcterms:title=}}
Page size: 1000
Type: sparql

23.06.2014 09:38:48 INFO  [main] de.uni_leipzig.simba.controller.PPJoinController.run(PPJoinController.java:126): ID: OrganicEdunet
Var: ?x
Prefixes: {dc=http://purl.org/dc/elements/1.1/, rdfs=http://www.w3.org/2000/01/rdf-schema#, lom=http://data.organic-edunet.eu/lom_ontology_organicEdunet.owl#, dbpedia=http://dbpedia.org/ontology, owl=http://www.w3.org/2002/07/owl#, rdf=http://www.w3.org/1999/02/22-rdf-syntax-ns#, europeana=http://www.europeana.eu/schemas/edm/, skos=http://www.w3.org/2004/02/skos/core#, vcard=http://www.w3.org/2001/vcard-rdf/3.0#, dcterms=http://purl.org/dc/terms/}
Endpoint: http://data.organic-edunet.eu/sparql
Graph: null
Restrictions: []
Properties: [dcterms:title]
Functions: {dcterms:title={dcterms:title=}}
Page size: 1000
Type: sparql

23.06.2014 09:38:48 INFO  [main] de.uni_leipzig.simba.controller.PPJoinController.run(PPJoinController.java:127): ID: OpenUniversityUK
Var: ?y
Prefixes: {dc=http://purl.org/dc/elements/1.1/, rdfs=http://www.w3.org/2000/01/rdf-schema#, lom=http://data.organic-edunet.eu/lom_ontology_organicEdunet.owl#, dbpedia=http://dbpedia.org/ontology, owl=http://www.w3.org/2002/07/owl#, rdf=http://www.w3.org/1999/02/22-rdf-syntax-ns#, europeana=http://www.europeana.eu/schemas/edm/, skos=http://www.w3.org/2004/02/skos/core#, vcard=http://www.w3.org/2001/vcard-rdf/3.0#, dcterms=http://purl.org/dc/terms/}
Endpoint: http://data.open.ac.uk/sparql
Graph: null
Restrictions: []
Properties: [dcterms:title]
Functions: {dcterms:title={dcterms:title=}}
Page size: 1000
Type: sparql

23.06.2014 09:38:48 INFO  [main] de.uni_leipzig.simba.controller.PPJoinController.run(PPJoinController.java:132): Loading source data ...
23.06.2014 09:38:48 INFO  [main] de.uni_leipzig.simba.cache.HybridCache.getData(HybridCache.java:230): Found cached data. Loading data from file C:\Enayat\Final_Package20130313\Programming\InterlinkingTool\cache\1214106109.ser
23.06.2014 09:38:48 INFO  [main] de.uni_leipzig.simba.cache.HybridCache.getData(HybridCache.java:236): Cached data loaded successfully from file C:\Enayat\Final_Package20130313\Programming\InterlinkingTool\cache\1214106109.ser
23.06.2014 09:38:48 INFO  [main] de.uni_leipzig.simba.cache.HybridCache.getData(HybridCache.java:237): Size = 11093
23.06.2014 09:38:48 INFO  [main] de.uni_leipzig.simba.controller.PPJoinController.run(PPJoinController.java:137): Loading target data ...
23.06.2014 09:38:48 INFO  [main] de.uni_leipzig.simba.cache.HybridCache.getData(HybridCache.java:230): Found cached data. Loading data from file C:\Enayat\Final_Package20130313\Programming\InterlinkingTool\cache\-1899257010.ser
23.06.2014 09:38:54 INFO  [main] de.uni_leipzig.simba.cache.HybridCache.getData(HybridCache.java:236): Cached data loaded successfully from file C:\Enayat\Final_Package20130313\Programming\InterlinkingTool\cache\-1899257010.ser
23.06.2014 09:38:54 INFO  [main] de.uni_leipzig.simba.cache.HybridCache.getData(HybridCache.java:237): Size = 102076
23.06.2014 09:38:54 INFO  [main] de.uni_leipzig.simba.controller.PPJoinController.run(PPJoinController.java:150): Getting links ...
23.06.2014 09:39:07 INFO  [main] de.uni_leipzig.simba.controller.PPJoinController.run(PPJoinController.java:153): Got links in 12971ms.
23.06.2014 09:39:07 INFO  [main] de.uni_leipzig.simba.io.SerializerFactory.getSerializer(SerializerFactory.java:21): Getting serializer with name nt
23.06.2014 09:39:07 INFO  [main] de.uni_leipzig.simba.io.SerializerFactory.getSerializer(SerializerFactory.java:27): Serializer with name nt not found. Using .nt as default format.
23.06.2014 09:39:07 INFO  [main] de.uni_leipzig.simba.controller.PPJoinController.run(PPJoinController.java:159): Using N3Serializer to serialize
23.06.2014 09:39:07 INFO  [main] de.uni_leipzig.simba.controller.PPJoinController.run(PPJoinController.java:178): Returned 1 links above acceptance threshold.
23.06.2014 09:39:07 INFO  [main] de.uni_leipzig.simba.controller.PPJoinController.run(PPJoinController.java:179): Returned 0 links to review.
23.06.2014 09:39:07 INFO  [main] de.uni_leipzig.simba.controller.PPJoinController.run(PPJoinController.java:186): Mapping carried out in 19.501 seconds
23.06.2014 09:39:07 INFO  [main] de.uni_leipzig.simba.controller.PPJoinController.run(PPJoinController.java:187): Done.
